<?xml version="1.0" encoding="UTF-8"?>
<testng-results skipped="0" failed="0" total="1" passed="1">
  <reporter-output>
  </reporter-output>
  <suite name="Default suite" duration-ms="30057" started-at="2018-02-06T10:26:14Z" finished-at="2018-02-06T10:26:44Z">
    <groups>
    </groups>
    <test name="Default test" duration-ms="30057" started-at="2018-02-06T10:26:14Z" finished-at="2018-02-06T10:26:44Z">
      <class name="com.phptravelssupplier.testcases.Verifydelete">
        <test-method status="PASS" signature="start()[pri:0, instance:com.phptravelssupplier.testcases.Verifydelete@174d20a]" name="start" is-config="true" duration-ms="16414" started-at="2018-02-06T15:56:14Z" finished-at="2018-02-06T15:56:30Z">
          <reporter-output>
          </reporter-output>
        </test-method> <!-- start -->
        <test-method status="PASS" signature="verifyDelete()[pri:0, instance:com.phptravelssupplier.testcases.Verifydelete@174d20a]" name="verifyDelete" duration-ms="12494" started-at="2018-02-06T15:56:30Z" finished-at="2018-02-06T15:56:43Z">
          <reporter-output>
          </reporter-output>
        </test-method> <!-- verifyDelete -->
        <test-method status="PASS" signature="shutdown()[pri:0, instance:com.phptravelssupplier.testcases.Verifydelete@174d20a]" name="shutdown" is-config="true" duration-ms="1090" started-at="2018-02-06T15:56:43Z" finished-at="2018-02-06T15:56:44Z">
          <reporter-output>
          </reporter-output>
        </test-method> <!-- shutdown -->
      </class> <!-- com.phptravelssupplier.testcases.Verifydelete -->
    </test> <!-- Default test -->
  </suite> <!-- Default suite -->
</testng-results>
